Base path: E:/unity/Editor/Data
Pipe name: \\.\pipe\UnityShaderCompiler-32bit-1-1048
Cmd: getPlatforms
Cmd: compileSnippet
  api=4 type=0 insize=3666 outsize=2753 kw=POINT pd= ok=1
Cmd: compileSnippet
  api=4 type=1 insize=3666 outsize=1948 kw=POINT pd= ok=1
Cmd: compileSnippet
  api=4 type=0 insize=2873 outsize=2533 kw= pd= ok=1
Cmd: compileSnippet
  api=4 type=1 insize=2873 outsize=697 kw= pd= ok=1
Cmd: compileSnippet
  api=4 type=0 insize=5933 outsize=4077 kw=LIGHTMAP_OFF DIRLIGHTMAP_OFF DYNAMICLIGHTMAP_OFF HDR_LIGHT_PREPASS_OFF pd= ok=1
Cmd: compileSnippet
  api=4 type=1 insize=5933 outsize=1363 kw=LIGHTMAP_OFF DIRLIGHTMAP_OFF DYNAMICLIGHTMAP_OFF HDR_LIGHT_PREPASS_OFF pd= ok=1
Cmd: compileSnippet
  api=4 type=0 insize=3064 outsize=2484 kw= pd= ok=1
Cmd: compileSnippet
  api=4 type=1 insize=3064 outsize=1314 kw= pd= ok=1
Cmd: preprocess
  insize=985 outsize=1267 ok=1
Cmd: compileSnippet
  api=4 type=0 insize=7512 outsize=3508 kw=DIRECTIONAL SHADOWS_OFF LIGHTMAP_OFF DIRLIGHTMAP_OFF DYNAMICLIGHTMAP_OFF pd= ok=1
Cmd: compileSnippet
  api=4 type=1 insize=7512 outsize=10154 kw=DIRECTIONAL SHADOWS_OFF LIGHTMAP_OFF DIRLIGHTMAP_OFF DYNAMICLIGHTMAP_OFF pd= ok=1
Cmd: compileSnippet
  api=4 type=0 insize=4255 outsize=2753 kw=POINT SHADOWS_OFF pd= ok=1
Cmd: compileSnippet
  api=4 type=1 insize=4255 outsize=6149 kw=POINT SHADOWS_OFF pd= ok=1
Cmd: compileSnippet
  api=4 type=0 insize=6614 outsize=3508 kw=LIGHTMAP_OFF DIRLIGHTMAP_OFF DYNAMICLIGHTMAP_OFF HDR_LIGHT_PREPASS_OFF pd= ok=1
Cmd: compileSnippet
  api=4 type=1 insize=6614 outsize=2346 kw=LIGHTMAP_OFF DIRLIGHTMAP_OFF DYNAMICLIGHTMAP_OFF HDR_LIGHT_PREPASS_OFF pd= ok=1
Cmd: compileSnippet
  api=4 type=0 insize=3557 outsize=2484 kw= pd= ok=1
Cmd: compileSnippet
  api=4 type=1 insize=3557 outsize=1314 kw= pd= ok=1
Cmd: preprocess
  insize=448 outsize=445 ok=1
Cmd: compileSnippet
  api=4 type=0 insize=975 outsize=1201 kw= pd= ok=1
Cmd: compileSnippet
  api=4 type=1 insize=975 outsize=811 kw= pd= ok=1
Cmd: preprocess
  insize=1291 outsize=427 ok=1
Cmd: compileSnippet
  api=4 type=0 insize=1163 outsize=1266 kw= pd= ok=1
Cmd: compileSnippet
  api=4 type=1 insize=1163 outsize=770 kw= pd= ok=1
Cmd: preprocess
  insize=1291 outsize=427 ok=1
